<?xml version="1.0" encoding="UTF-8"?>
<robot generator="Robot 7.1 (Python 3.13.0 on win32)" generated="2024-11-03T21:23:45.493157" rpa="false" schemaversion="5">
<suite id="s1" name="Test" source="C:\Users\crazy\OneDrive\Escritorio\Proyecto 2 pruebas\ProyectoPruebasAutomatizadas\Proyecto\Tests\test.robot">
<test id="s1-t1" name="Teclas presionadas" line="186">
<kw name="Inicializar el navegador con URL" owner="keywords">
<kw name="Open Browser" owner="SeleniumLibrary">
<msg time="2024-11-03T21:23:46.054936" level="INFO">Opening browser 'chrome' to base url 'https://the-internet.herokuapp.com/key_presses'.</msg>
<msg time="2024-11-03T21:23:46.705967" level="WARN">The chromedriver version (129.0.6668.100) detected in PATH at C:\bin\chromedriver.exe might not be compatible with the detected chrome version (130.0.6723.92); currently, chromedriver 130.0.6723.91 is recommended for chrome 130.*, so it is advised to delete the driver in PATH and retry</msg>
<arg>${url}</arg>
<arg>chrome</arg>
<doc>Opens a new browser instance to the optional ``url``.</doc>
<status status="PASS" start="2024-11-03T21:23:46.054549" elapsed="4.373424"/>
</kw>
<kw name="Maximize Browser Window" owner="SeleniumLibrary">
<doc>Maximizes current browser window.</doc>
<status status="PASS" start="2024-11-03T21:23:50.431193" elapsed="0.043079"/>
</kw>
<arg>https://the-internet.herokuapp.com/key_presses</arg>
<status status="PASS" start="2024-11-03T21:23:46.053309" elapsed="4.421219"/>
</kw>
<kw name="Sleep" owner="BuiltIn">
<msg time="2024-11-03T21:23:55.475885" level="INFO">Slept 5 seconds.</msg>
<arg>5s</arg>
<doc>Pauses the test executed for the given time.</doc>
<status status="PASS" start="2024-11-03T21:23:50.475038" elapsed="5.001115"/>
</kw>
<kw name="Click Element" owner="SeleniumLibrary">
<msg time="2024-11-03T21:23:55.477855" level="INFO">Clicking element '//*[@id="target"]'.</msg>
<arg>//*[@id="target"]</arg>
<doc>Click the element identified by ``locator``.</doc>
<status status="PASS" start="2024-11-03T21:23:55.476963" elapsed="0.121321"/>
</kw>
<kw name="Sleep" owner="BuiltIn">
<msg time="2024-11-03T21:23:56.600810" level="INFO">Slept 1 second.</msg>
<arg>1s</arg>
<doc>Pauses the test executed for the given time.</doc>
<status status="PASS" start="2024-11-03T21:23:55.599308" elapsed="1.001814"/>
</kw>
<kw name="Press Key" owner="SeleniumLibrary">
<arg>//body</arg>
<arg>\uE00C</arg>
<doc>Simulates user pressing key on element identified by ``locator``.</doc>
<status status="PASS" start="2024-11-03T21:23:56.601887" elapsed="0.107185"/>
</kw>
<kw name="Sleep" owner="BuiltIn">
<msg time="2024-11-03T21:23:57.710770" level="INFO">Slept 1 second.</msg>
<arg>1s</arg>
<doc>Pauses the test executed for the given time.</doc>
<status status="PASS" start="2024-11-03T21:23:56.709780" elapsed="1.001241"/>
</kw>
<kw name="Page Should Contain" owner="SeleniumLibrary">
<msg time="2024-11-03T21:23:57.739323" level="INFO">Current page contains text 'You entered: ESC'.</msg>
<arg>You entered: ESC</arg>
<doc>Verifies that current page contains ``text``.</doc>
<status status="PASS" start="2024-11-03T21:23:57.711767" elapsed="0.027827"/>
</kw>
<kw name="Click Element" owner="SeleniumLibrary">
<msg time="2024-11-03T21:23:57.740805" level="INFO">Clicking element '//*[@id="target"]'.</msg>
<arg>//*[@id="target"]</arg>
<doc>Click the element identified by ``locator``.</doc>
<status status="PASS" start="2024-11-03T21:23:57.740268" elapsed="0.086095"/>
</kw>
<kw name="Sleep" owner="BuiltIn">
<msg time="2024-11-03T21:23:58.828334" level="INFO">Slept 1 second.</msg>
<arg>1s</arg>
<doc>Pauses the test executed for the given time.</doc>
<status status="PASS" start="2024-11-03T21:23:57.827159" elapsed="1.001398"/>
</kw>
<kw name="Press Key" owner="SeleniumLibrary">
<arg>//body</arg>
<arg>\uE00D</arg>
<doc>Simulates user pressing key on element identified by ``locator``.</doc>
<status status="PASS" start="2024-11-03T21:23:58.829464" elapsed="0.091490"/>
</kw>
<kw name="Sleep" owner="BuiltIn">
<msg time="2024-11-03T21:23:59.922916" level="INFO">Slept 1 second.</msg>
<arg>1s</arg>
<doc>Pauses the test executed for the given time.</doc>
<status status="PASS" start="2024-11-03T21:23:58.921836" elapsed="1.001308"/>
</kw>
<kw name="Page Should Contain" owner="SeleniumLibrary">
<msg time="2024-11-03T21:23:59.945976" level="INFO">Current page contains text 'You entered: SPACE'.</msg>
<arg>You entered: SPACE</arg>
<doc>Verifies that current page contains ``text``.</doc>
<status status="PASS" start="2024-11-03T21:23:59.923641" elapsed="0.022529"/>
</kw>
<kw name="Cerrar el navegador" owner="keywords" type="TEARDOWN">
<kw name="Close Browser" owner="SeleniumLibrary">
<doc>Closes the current browser.</doc>
<status status="PASS" start="2024-11-03T21:23:59.947819" elapsed="2.268057"/>
</kw>
<status status="PASS" start="2024-11-03T21:23:59.947100" elapsed="2.269120"/>
</kw>
<doc>prueba de presionar teclas</doc>
<tag>teclas_presionadas</tag>
<status status="PASS" start="2024-11-03T21:23:46.051881" elapsed="16.164866"/>
</test>
<doc>Suite de pruebas para validar la funcionalidad de la aplicación "The Internet".</doc>
<status status="PASS" start="2024-11-03T21:23:45.497865" elapsed="16.720296"/>
</suite>
<statistics>
<total>
<stat pass="1" fail="0" skip="0">All Tests</stat>
</total>
<tag>
<stat pass="1" fail="0" skip="0">teclas_presionadas</stat>
</tag>
<suite>
<stat pass="1" fail="0" skip="0" id="s1" name="Test">Test</stat>
</suite>
</statistics>
<errors>
<msg time="2024-11-03T21:23:46.705967" level="WARN">The chromedriver version (129.0.6668.100) detected in PATH at C:\bin\chromedriver.exe might not be compatible with the detected chrome version (130.0.6723.92); currently, chromedriver 130.0.6723.91 is recommended for chrome 130.*, so it is advised to delete the driver in PATH and retry</msg>
</errors>
</robot>
