<?xml version="1.0" encoding="UTF-8"?>
<robot generator="Robot 7.1 (Python 3.13.0 on win32)" generated="2024-11-03T21:57:24.423981" rpa="false" schemaversion="5">
<suite id="s1" name="Test" source="C:\Users\crazy\OneDrive\Escritorio\Proyecto 2 pruebas\ProyectoPruebasAutomatizadas\Proyecto\Tests\test.robot">
<test id="s1-t1" name="Prueba de Visibilidad de Opciones de Menu" line="153">
<kw name="Inicializar el navegador con URL" owner="keywords">
<kw name="Open Browser" owner="SeleniumLibrary">
<msg time="2024-11-03T21:57:24.967173" level="INFO">Opening browser 'chrome' to base url 'https://the-internet.herokuapp.com/dynamic_controls'.</msg>
<msg time="2024-11-03T21:57:25.515456" level="WARN">The chromedriver version (129.0.6668.100) detected in PATH at C:\bin\chromedriver.exe might not be compatible with the detected chrome version (130.0.6723.92); currently, chromedriver 130.0.6723.91 is recommended for chrome 130.*, so it is advised to delete the driver in PATH and retry</msg>
<arg>${url}</arg>
<arg>chrome</arg>
<doc>Opens a new browser instance to the optional ``url``.</doc>
<status status="PASS" start="2024-11-03T21:57:24.966753" elapsed="3.410700"/>
</kw>
<kw name="Maximize Browser Window" owner="SeleniumLibrary">
<doc>Maximizes current browser window.</doc>
<status status="PASS" start="2024-11-03T21:57:28.377961" elapsed="0.048096"/>
</kw>
<arg>${CONTROL_DINAMICO_URL}</arg>
<status status="PASS" start="2024-11-03T21:57:24.965290" elapsed="3.461217"/>
</kw>
<kw name="Desplazarse Hasta el Fondo de la Página" owner="keywords">
<kw name="Execute Javascript" owner="SeleniumLibrary">
<msg time="2024-11-03T21:57:28.429430" level="INFO">Executing JavaScript:
window.scrollTo(0, document.body.scrollHeight);
Without any arguments.</msg>
<arg>window.scrollTo(0, document.body.scrollHeight);</arg>
<doc>Executes the given JavaScript code with possible arguments.</doc>
<status status="PASS" start="2024-11-03T21:57:28.428217" elapsed="0.013908"/>
</kw>
<status status="PASS" start="2024-11-03T21:57:28.427423" elapsed="0.015069"/>
</kw>
<kw name="Validar Opciones del Menú Visibles" owner="keywords">
<kw name="Wait Until Element Is Visible" owner="SeleniumLibrary">
<arg>${MENU_OPTIONS}</arg>
<arg>timeout=5s</arg>
<doc>Waits until the element ``locator`` is visible.</doc>
<status status="PASS" start="2024-11-03T21:57:28.443979" elapsed="0.043667"/>
</kw>
<status status="PASS" start="2024-11-03T21:57:28.443248" elapsed="0.044619"/>
</kw>
<kw name="Cerrar el navegador" owner="keywords">
<kw name="Close Browser" owner="SeleniumLibrary">
<doc>Closes the current browser.</doc>
<status status="PASS" start="2024-11-03T21:57:28.489056" elapsed="2.216905"/>
</kw>
<status status="PASS" start="2024-11-03T21:57:28.488419" elapsed="2.217757"/>
</kw>
<kw name="Cerrar el navegador" owner="keywords" type="TEARDOWN">
<kw name="Close Browser" owner="SeleniumLibrary">
<doc>Closes the current browser.</doc>
<status status="PASS" start="2024-11-03T21:57:30.707260" elapsed="0.000200"/>
</kw>
<status status="PASS" start="2024-11-03T21:57:30.706808" elapsed="0.000773"/>
</kw>
<doc>Verifica que las opciones del menu se vean aun si la pagina scrolleo hasta abajo</doc>
<tag>opciones_menu</tag>
<status status="PASS" start="2024-11-03T21:57:24.963608" elapsed="5.744241"/>
</test>
<doc>Suite de pruebas para validar la funcionalidad de la aplicación "The Internet".</doc>
<status status="PASS" start="2024-11-03T21:57:24.427457" elapsed="6.281661"/>
</suite>
<statistics>
<total>
<stat pass="1" fail="0" skip="0">All Tests</stat>
</total>
<tag>
<stat pass="1" fail="0" skip="0">opciones_menu</stat>
</tag>
<suite>
<stat pass="1" fail="0" skip="0" id="s1" name="Test">Test</stat>
</suite>
</statistics>
<errors>
<msg time="2024-11-03T21:57:25.515456" level="WARN">The chromedriver version (129.0.6668.100) detected in PATH at C:\bin\chromedriver.exe might not be compatible with the detected chrome version (130.0.6723.92); currently, chromedriver 130.0.6723.91 is recommended for chrome 130.*, so it is advised to delete the driver in PATH and retry</msg>
</errors>
</robot>
